-------------------------------------------------------------------------------
Test set: TestSuite
-------------------------------------------------------------------------------
Tests run: 4, Failures: 1, Errors: 0, Skipped: 0, Time elapsed: 23.402 s <<< FAILURE! - in TestSuite
Academy.validateTitle.validateAppTitle  Time elapsed: 0.288 s  <<< FAILURE!
java.lang.AssertionError: expected [FEATURED COUasdRSES] but found [FEATURED COURSES]
	at Academy.validateTitle.validateAppTitle(validateTitle.java:40)

