<?xml version="1.0" encoding="UTF-8"?>
<testng-results ignored="0" total="5" passed="5" failed="0" skipped="0">
  <reporter-output>
  </reporter-output>
  <suite started-at="2022-03-06T16:55:27 CET" name="Suite" finished-at="2022-03-06T16:56:10 CET" duration-ms="42932">
    <groups>
    </groups>
    <test started-at="2022-03-06T16:55:27 CET" name="App Testing" finished-at="2022-03-06T16:55:27 CET" duration-ms="8">
    </test> <!-- App Testing -->
    <test started-at="2022-03-06T16:55:27 CET" name="Validating navigation Bar" finished-at="2022-03-06T16:55:35 CET" duration-ms="8189">
      <class name="Academy.ValidateNavigation">
        <test-method is-config="true" signature="initialize()[pri:0, instance:Academy.ValidateNavigation@4642b71d]" started-at="2022-03-06T16:55:27 CET" name="initialize" finished-at="2022-03-06T16:55:34 CET" duration-ms="7327" status="PASS">
          <reporter-output>
          </reporter-output>
        </test-method> <!-- initialize -->
        <test-method signature="validateAppNavBar()[pri:0, instance:Academy.ValidateNavigation@4642b71d]" started-at="2022-03-06T16:55:34 CET" name="validateAppNavBar" finished-at="2022-03-06T16:55:35 CET" duration-ms="155" status="PASS">
          <reporter-output>
          </reporter-output>
        </test-method> <!-- validateAppNavBar -->
        <test-method is-config="true" signature="teardown()[pri:0, instance:Academy.ValidateNavigation@4642b71d]" started-at="2022-03-06T16:55:35 CET" name="teardown" finished-at="2022-03-06T16:55:35 CET" duration-ms="642" status="PASS">
          <reporter-output>
          </reporter-output>
        </test-method> <!-- teardown -->
      </class> <!-- Academy.ValidateNavigation -->
    </test> <!-- Validating navigation Bar -->
    <test started-at="2022-03-06T16:55:35 CET" name="Validating title in the page" finished-at="2022-03-06T16:55:43 CET" duration-ms="7237">
      <class name="Academy.validateTitle">
        <test-method is-config="true" signature="initialize()[pri:0, instance:Academy.validateTitle@4b6ac111]" started-at="2022-03-06T16:55:35 CET" name="initialize" finished-at="2022-03-06T16:55:42 CET" duration-ms="6578" status="PASS">
          <reporter-output>
          </reporter-output>
        </test-method> <!-- initialize -->
        <test-method signature="validateAppTitle()[pri:0, instance:Academy.validateTitle@4b6ac111]" started-at="2022-03-06T16:55:42 CET" name="validateAppTitle" finished-at="2022-03-06T16:55:42 CET" duration-ms="50" status="PASS">
          <reporter-output>
          </reporter-output>
        </test-method> <!-- validateAppTitle -->
        <test-method is-config="true" signature="teardown()[pri:0, instance:Academy.validateTitle@4b6ac111]" started-at="2022-03-06T16:55:42 CET" name="teardown" finished-at="2022-03-06T16:55:43 CET" duration-ms="605" status="PASS">
          <reporter-output>
          </reporter-output>
        </test-method> <!-- teardown -->
      </class> <!-- Academy.validateTitle -->
    </test> <!-- Validating title in the page -->
    <test started-at="2022-03-06T16:55:43 CET" name="Validating User Login" finished-at="2022-03-06T16:55:54 CET" duration-ms="11717">
      <class name="Academy.HomePage">
        <test-method is-config="true" signature="initialize()[pri:0, instance:Academy.HomePage@30feffc]" started-at="2022-03-06T16:55:43 CET" name="initialize" finished-at="2022-03-06T16:55:44 CET" duration-ms="1187" status="PASS">
          <reporter-output>
          </reporter-output>
        </test-method> <!-- initialize -->
        <test-method signature="basePageNavigation(java.lang.String,java.lang.String,java.lang.String)[pri:0, instance:Academy.HomePage@30feffc]" started-at="2022-03-06T16:55:44 CET" name="basePageNavigation" data-provider="GetData" finished-at="2022-03-06T16:55:51 CET" duration-ms="7600" status="PASS">
          <params>
            <param index="0">
              <value>
                <![CDATA[nonrestricteduserbaskj.com]]>
              </value>
            </param>
            <param index="1">
              <value>
                <![CDATA[123123]]>
              </value>
            </param>
            <param index="2">
              <value>
                <![CDATA[Restricted User]]>
              </value>
            </param>
          </params>
          <reporter-output>
          </reporter-output>
        </test-method> <!-- basePageNavigation -->
        <test-method signature="basePageNavigation(java.lang.String,java.lang.String,java.lang.String)[pri:0, instance:Academy.HomePage@30feffc]" started-at="2022-03-06T16:55:51 CET" name="basePageNavigation" data-provider="GetData" finished-at="2022-03-06T16:55:54 CET" duration-ms="2317" status="PASS">
          <params>
            <param index="0">
              <value>
                <![CDATA[restricteduser@laksd.com]]>
              </value>
            </param>
            <param index="1">
              <value>
                <![CDATA[4345345]]>
              </value>
            </param>
            <param index="2">
              <value>
                <![CDATA[Non restricted user]]>
              </value>
            </param>
          </params>
          <reporter-output>
          </reporter-output>
        </test-method> <!-- basePageNavigation -->
        <test-method is-config="true" signature="teardown()[pri:0, instance:Academy.HomePage@30feffc]" started-at="2022-03-06T16:55:54 CET" name="teardown" finished-at="2022-03-06T16:55:54 CET" duration-ms="609" status="PASS">
          <reporter-output>
          </reporter-output>
        </test-method> <!-- teardown -->
      </class> <!-- Academy.HomePage -->
    </test> <!-- Validating User Login -->
    <test started-at="2022-03-06T16:55:54 CET" name="Add Products to the Cart" finished-at="2022-03-06T16:56:10 CET" duration-ms="15322">
      <class name="Academy.Cart">
        <test-method signature="addToCart()[pri:0, instance:Academy.Cart@1813f3e9]" started-at="2022-03-06T16:55:54 CET" name="addToCart" finished-at="2022-03-06T16:56:10 CET" duration-ms="15322" status="PASS">
          <reporter-output>
          </reporter-output>
        </test-method> <!-- addToCart -->
      </class> <!-- Academy.Cart -->
    </test> <!-- Add Products to the Cart -->
  </suite> <!-- Suite -->
</testng-results>
