<?xml version="1.0" encoding="UTF-8"?>
<testng-results ignored="0" total="1" passed="1" failed="0" skipped="0">
  <reporter-output>
  </reporter-output>
  <suite started-at="2022-03-06T16:52:54 CET" name="Default suite" finished-at="2022-03-06T16:53:08 CET" duration-ms="14624">
    <groups>
    </groups>
    <test started-at="2022-03-06T16:52:54 CET" name="Default test" finished-at="2022-03-06T16:53:08 CET" duration-ms="14624">
      <class name="Academy.Cart">
        <test-method signature="addToCart()[pri:0, instance:Academy.Cart@1433046b]" started-at="2022-03-06T16:52:54 CET" name="addToCart" finished-at="2022-03-06T16:53:08 CET" duration-ms="14592" status="PASS">
          <reporter-output>
          </reporter-output>
        </test-method> <!-- addToCart -->
      </class> <!-- Academy.Cart -->
    </test> <!-- Default test -->
  </suite> <!-- Default suite -->
</testng-results>
